  [1m[35m (0.9ms)[0m  [1m[34mSELECT sqlite_version(*)[0m
  [1m[35m (0.0ms)[0m  [1m[34mSELECT sqlite_version(*)[0m
  [1m[35m (0.4ms)[0m  [1m[34mSELECT sqlite_version(*)[0m
  [1m[35m (7.3ms)[0m  [1m[35mCREATE TABLE "schema_migrations" ("version" varchar NOT NULL PRIMARY KEY)[0m
  [1m[35m (6.4ms)[0m  [1m[35mCREATE TABLE "ar_internal_metadata" ("key" varchar NOT NULL PRIMARY KEY, "value" varchar, "created_at" datetime(6) NOT NULL, "updated_at" datetime(6) NOT NULL)[0m
  [1m[35m (0.1ms)[0m  [1m[34mSELECT "schema_migrations"."version" FROM "schema_migrations" ORDER BY "schema_migrations"."version" ASC[0m
Migrating to DeviseCreateUsers (20210608235032)
  [1m[36mTRANSACTION (0.1ms)[0m  [1m[36mbegin transaction[0m
  [1m[35m (0.9ms)[0m  [1m[35mCREATE TABLE "users" ("id" integer PRIMARY KEY AUTOINCREMENT NOT NULL, "email" varchar DEFAULT '' NOT NULL, "encrypted_password" varchar DEFAULT '' NOT NULL, "reset_password_token" varchar, "reset_password_sent_at" datetime, "remember_created_at" datetime, "first_name" varchar, "last_name" varchar, "admin" boolean DEFAULT 0, "created_at" datetime(6) NOT NULL, "updated_at" datetime(6) NOT NULL)[0m
  [1m[35m (0.2ms)[0m  [1m[35mCREATE UNIQUE INDEX "index_users_on_email" ON "users" ("email")[0m
  [1m[35m (0.1ms)[0m  [1m[35mCREATE UNIQUE INDEX "index_users_on_reset_password_token" ON "users" ("reset_password_token")[0m
  [1m[36mActiveRecord::SchemaMigration Create (0.1ms)[0m  [1m[32mINSERT INTO "schema_migrations" ("version") VALUES (?)[0m  [["version", "20210608235032"]]
  [1m[36mTRANSACTION (8.8ms)[0m  [1m[36mcommit transaction[0m
Migrating to CreateFriendlyIdSlugs (20210608235045)
  [1m[36mTRANSACTION (0.0ms)[0m  [1m[36mbegin transaction[0m
  [1m[35m (0.4ms)[0m  [1m[35mCREATE TABLE "friendly_id_slugs" ("id" integer PRIMARY KEY AUTOINCREMENT NOT NULL, "slug" varchar NOT NULL, "sluggable_id" integer NOT NULL, "sluggable_type" varchar(50), "scope" varchar, "created_at" datetime)[0m
  [1m[35m (0.2ms)[0m  [1m[35mCREATE INDEX "index_friendly_id_slugs_on_sluggable_type_and_sluggable_id" ON "friendly_id_slugs" ("sluggable_type", "sluggable_id")[0m
  [1m[35m (0.1ms)[0m  [1m[35mCREATE INDEX "index_friendly_id_slugs_on_slug_and_sluggable_type" ON "friendly_id_slugs" ("slug", "sluggable_type")[0m
  [1m[35m (0.1ms)[0m  [1m[35mCREATE UNIQUE INDEX "index_friendly_id_slugs_on_slug_and_sluggable_type_and_scope" ON "friendly_id_slugs" ("slug", "sluggable_type", "scope")[0m
  [1m[36mActiveRecord::SchemaMigration Create (0.1ms)[0m  [1m[32mINSERT INTO "schema_migrations" ("version") VALUES (?)[0m  [["version", "20210608235045"]]
  [1m[36mTRANSACTION (7.0ms)[0m  [1m[36mcommit transaction[0m
  [1m[36mActiveRecord::InternalMetadata Load (0.1ms)[0m  [1m[34mSELECT "ar_internal_metadata".* FROM "ar_internal_metadata" WHERE "ar_internal_metadata"."key" = ? LIMIT ?[0m  [["key", "environment"], ["LIMIT", 1]]
  [1m[36mTRANSACTION (0.1ms)[0m  [1m[36mbegin transaction[0m
  [1m[36mActiveRecord::InternalMetadata Create (0.2ms)[0m  [1m[32mINSERT INTO "ar_internal_metadata" ("key", "value", "created_at", "updated_at") VALUES (?, ?, ?, ?)[0m  [["key", "environment"], ["value", "development"], ["created_at", "2021-06-08 23:50:47.133616"], ["updated_at", "2021-06-08 23:50:47.133616"]]
  [1m[36mTRANSACTION (4.0ms)[0m  [1m[36mcommit transaction[0m
  [1m[35m (0.0ms)[0m  [1m[34mSELECT sqlite_version(*)[0m
  [1m[35m (0.1ms)[0m  [1m[34mSELECT "schema_migrations"."version" FROM "schema_migrations" ORDER BY "schema_migrations"."version" ASC[0m
Started GET "/" for ::1 at 2021-06-08 23:51:17 -0300
  [1m[35m (0.5ms)[0m  [1m[34mSELECT sqlite_version(*)[0m
  [1m[35m (0.1ms)[0m  [1m[34mSELECT "schema_migrations"."version" FROM "schema_migrations" ORDER BY "schema_migrations"."version" ASC[0m
Processing by HomeController#index as HTML
  Rendering layout layouts/application.html.erb
  Rendering home/index.html.erb within layouts/application
  Rendered home/index.html.erb within layouts/application (Duration: 0.9ms | Allocations: 465)
[Webpacker] Compiling...
[Webpacker] Compiled all packs in /home/hansnery/the_odin_project/private-events/public/packs
[Webpacker] Though the "loose" option was set to "false" in your @babel/preset-env config, it will not be used for @babel/plugin-proposal-private-methods since the "loose" mode option was set to "true" for @babel/plugin-proposal-class-properties.
The "loose" option must be the same for @babel/plugin-proposal-class-properties, @babel/plugin-proposal-private-methods and @babel/plugin-proposal-private-property-in-object (when they are enabled): you can silence this warning by explicitly adding
	["@babel/plugin-proposal-private-methods", { "loose": true }]
to the "plugins" section of your Babel config.
Though the "loose" option was set to "false" in your @babel/preset-env config, it will not be used for @babel/plugin-proposal-private-methods since the "loose" mode option was set to "true" for @babel/plugin-proposal-class-properties.
The "loose" option must be the same for @babel/plugin-proposal-class-properties, @babel/plugin-proposal-private-methods and @babel/plugin-proposal-private-property-in-object (when they are enabled): you can silence this warning by explicitly adding
	["@babel/plugin-proposal-private-methods", { "loose": true }]
to the "plugins" section of your Babel config.
Though the "loose" option was set to "false" in your @babel/preset-env config, it will not be used for @babel/plugin-proposal-private-methods since the "loose" mode option was set to "true" for @babel/plugin-proposal-class-properties.
The "loose" option must be the same for @babel/plugin-proposal-class-properties, @babel/plugin-proposal-private-methods and @babel/plugin-proposal-private-property-in-object (when they are enabled): you can silence this warning by explicitly adding
	["@babel/plugin-proposal-private-methods", { "loose": true }]
to the "plugins" section of your Babel config.
Though the "loose" option was set to "false" in your @babel/preset-env config, it will not be used for @babel/plugin-proposal-private-methods since the "loose" mode option was set to "true" for @babel/plugin-proposal-class-properties.
The "loose" option must be the same for @babel/plugin-proposal-class-properties, @babel/plugin-proposal-private-methods and @babel/plugin-proposal-private-property-in-object (when they are enabled): you can silence this warning by explicitly adding
	["@babel/plugin-proposal-private-methods", { "loose": true }]
to the "plugins" section of your Babel config.
Though the "loose" option was set to "false" in your @babel/preset-env config, it will not be used for @babel/plugin-proposal-private-methods since the "loose" mode option was set to "true" for @babel/plugin-proposal-class-properties.
The "loose" option must be the same for @babel/plugin-proposal-class-properties, @babel/plugin-proposal-private-methods and @babel/plugin-proposal-private-property-in-object (when they are enabled): you can silence this warning by explicitly adding
	["@babel/plugin-proposal-private-methods", { "loose": true }]
to the "plugins" section of your Babel config.
Though the "loose" option was set to "false" in your @babel/preset-env config, it will not be used for @babel/plugin-proposal-private-methods since the "loose" mode option was set to "true" for @babel/plugin-proposal-class-properties.
The "loose" option must be the same for @babel/plugin-proposal-class-properties, @babel/plugin-proposal-private-methods and @babel/plugin-proposal-private-property-in-object (when they are enabled): you can silence this warning by explicitly adding
	["@babel/plugin-proposal-private-methods", { "loose": true }]
to the "plugins" section of your Babel config.
Though the "loose" option was set to "false" in your @babel/preset-env config, it will not be used for @babel/plugin-proposal-private-methods since the "loose" mode option was set to "true" for @babel/plugin-proposal-class-properties.
The "loose" option must be the same for @babel/plugin-proposal-class-properties, @babel/plugin-proposal-private-methods and @babel/plugin-proposal-private-property-in-object (when they are enabled): you can silence this warning by explicitly adding
	["@babel/plugin-proposal-private-methods", { "loose": true }]
to the "plugins" section of your Babel config.
Though the "loose" option was set to "false" in your @babel/preset-env config, it will not be used for @babel/plugin-proposal-private-methods since the "loose" mode option was set to "true" for @babel/plugin-proposal-class-properties.
The "loose" option must be the same for @babel/plugin-proposal-class-properties, @babel/plugin-proposal-private-methods and @babel/plugin-proposal-private-property-in-object (when they are enabled): you can silence this warning by explicitly adding
	["@babel/plugin-proposal-private-methods", { "loose": true }]
to the "plugins" section of your Babel config.

[Webpacker] Hash: 6ffc545cb14c6586ba32
Version: webpack 4.46.0
Time: 10922ms
Built at: 06/08/2021 11:51:30 PM
                                                            Asset       Size       Chunks                         Chunk Names
                           js/application-8e4746fb85bc889b7201.js   5.13 MiB  application  [emitted] [immutable]  application
                       js/application-8e4746fb85bc889b7201.js.map   5.44 MiB  application  [emitted] [dev]        application
                                                    manifest.json  478 bytes               [emitted]              
media/images/icons/checkmark-94d128efd051661a94df22e517d9e626.svg  119 bytes               [emitted]              
Entrypoint application = js/application-8e4746fb85bc889b7201.js js/application-8e4746fb85bc889b7201.js.map
[./app/javascript/channels sync recursive _channel\.js$] ./app/javascript/channels sync _channel\.js$ 160 bytes {application} [built]
[./app/javascript/channels/index.js] 211 bytes {application} [built]
[./app/javascript/images/icons/checkmark.svg] 111 bytes {application} [built]
[./app/javascript/packs/application.js] 526 bytes {application} [built]
[./app/javascript/stylesheets/application.scss] 664 bytes {application} [built]
[./node_modules/css-loader/dist/cjs.js?!./node_modules/postcss-loader/src/index.js?!./node_modules/sass-loader/dist/cjs.js?!./app/javascript/stylesheets/application.scss] ./node_modules/css-loader/dist/cjs.js??ref--6-1!./node_modules/postcss-loader/src??ref--6-2!./node_modules/sass-loader/dist/cjs.js??ref--6-3!./app/javascript/stylesheets/application.scss 5 MiB {application} [built]
[./node_modules/webpack/buildin/module.js] (webpack)/buildin/module.js 552 bytes {application} [built]
    + 6 hidden modules

  Rendered shared/_head.html.erb (Duration: 13433.7ms | Allocations: 12186)
  Rendered shared/_flash_notice.html.erb (Duration: 0.5ms | Allocations: 252)
  Rendered shared/_header.html.erb (Duration: 1.9ms | Allocations: 669)
  Rendered layout layouts/application.html.erb (Duration: 13438.3ms | Allocations: 14475)
Completed 200 OK in 13451ms (Views: 13441.9ms | ActiveRecord: 0.0ms | Allocations: 20274)


Started GET "/" for ::1 at 2021-06-08 23:51:35 -0300
Processing by HomeController#index as HTML
  Rendering layout layouts/application.html.erb
  Rendering home/index.html.erb within layouts/application
  Rendered home/index.html.erb within layouts/application (Duration: 0.1ms | Allocations: 42)
[Webpacker] Everything's up-to-date. Nothing to do
  Rendered shared/_head.html.erb (Duration: 2.9ms | Allocations: 2989)
  Rendered shared/_flash_notice.html.erb (Duration: 0.0ms | Allocations: 57)
  Rendered shared/_header.html.erb (Duration: 0.3ms | Allocations: 234)
  Rendered layout layouts/application.html.erb (Duration: 3.7ms | Allocations: 3579)
Completed 200 OK in 4ms (Views: 4.1ms | ActiveRecord: 0.0ms | Allocations: 4166)


Started GET "/" for ::1 at 2021-06-08 23:51:36 -0300
Processing by HomeController#index as HTML
  Rendering layout layouts/application.html.erb
  Rendering home/index.html.erb within layouts/application
  Rendered home/index.html.erb within layouts/application (Duration: 0.1ms | Allocations: 37)
[Webpacker] Everything's up-to-date. Nothing to do
  Rendered shared/_head.html.erb (Duration: 2.6ms | Allocations: 2847)
  Rendered shared/_flash_notice.html.erb (Duration: 0.1ms | Allocations: 51)
  Rendered shared/_header.html.erb (Duration: 0.3ms | Allocations: 203)
  Rendered layout layouts/application.html.erb (Duration: 3.5ms | Allocations: 3390)
Completed 200 OK in 4ms (Views: 4.0ms | ActiveRecord: 0.0ms | Allocations: 3854)


Started GET "/" for ::1 at 2021-06-08 23:51:37 -0300
Processing by HomeController#index as HTML
  Rendering layout layouts/application.html.erb
  Rendering home/index.html.erb within layouts/application
  Rendered home/index.html.erb within layouts/application (Duration: 0.1ms | Allocations: 37)
[Webpacker] Everything's up-to-date. Nothing to do
  Rendered shared/_head.html.erb (Duration: 2.9ms | Allocations: 2847)
  Rendered shared/_flash_notice.html.erb (Duration: 0.1ms | Allocations: 51)
  Rendered shared/_header.html.erb (Duration: 0.3ms | Allocations: 203)
  Rendered layout layouts/application.html.erb (Duration: 3.9ms | Allocations: 3390)
Completed 200 OK in 5ms (Views: 4.2ms | ActiveRecord: 0.0ms | Allocations: 3851)


Started GET "/" for ::1 at 2021-06-08 23:51:38 -0300
Processing by HomeController#index as HTML
  Rendering layout layouts/application.html.erb
  Rendering home/index.html.erb within layouts/application
  Rendered home/index.html.erb within layouts/application (Duration: 0.1ms | Allocations: 37)
[Webpacker] Everything's up-to-date. Nothing to do
  Rendered shared/_head.html.erb (Duration: 3.1ms | Allocations: 2847)
  Rendered shared/_flash_notice.html.erb (Duration: 0.1ms | Allocations: 51)
  Rendered shared/_header.html.erb (Duration: 0.4ms | Allocations: 203)
  Rendered layout layouts/application.html.erb (Duration: 4.0ms | Allocations: 3390)
Completed 200 OK in 5ms (Views: 4.3ms | ActiveRecord: 0.0ms | Allocations: 3850)


Started GET "/users/sign_in" for ::1 at 2021-06-08 23:51:47 -0300
Processing by Devise::SessionsController#new as HTML
  Rendering layout layouts/application.html.erb
  Rendering devise/sessions/new.html.erb within layouts/application
  Rendered devise/shared/_links.html.erb (Duration: 2.6ms | Allocations: 719)
  Rendered devise/shared/_form_wrap.html.erb (Duration: 0.5ms | Allocations: 136)
  Rendered devise/sessions/new.html.erb within layouts/application (Duration: 16129.2ms | Allocations: 10795)
[Webpacker] Everything's up-to-date. Nothing to do
  Rendered shared/_head.html.erb (Duration: 3.5ms | Allocations: 2959)
  Rendered shared/_flash_notice.html.erb (Duration: 0.1ms | Allocations: 59)
  Rendered shared/_header.html.erb (Duration: 0.2ms | Allocations: 199)
  Rendered layout layouts/application.html.erb (Duration: 16133.4ms | Allocations: 14273)
Completed 200 OK in 16151ms (Views: 16135.2ms | ActiveRecord: 0.5ms | Allocations: 22784)


Started GET "/users/sign_in" for ::1 at 2021-06-08 23:52:03 -0300
Processing by Devise::SessionsController#new as HTML
  Rendering layout layouts/application.html.erb
  Rendering devise/sessions/new.html.erb within layouts/application
  Rendered devise/shared/_links.html.erb (Duration: 0.2ms | Allocations: 163)
  Rendered devise/shared/_form_wrap.html.erb (Duration: 0.0ms | Allocations: 43)
  Rendered devise/sessions/new.html.erb within layouts/application (Duration: 1.5ms | Allocations: 1176)
[Webpacker] Everything's up-to-date. Nothing to do
  Rendered shared/_head.html.erb (Duration: 2.9ms | Allocations: 2864)
  Rendered shared/_flash_notice.html.erb (Duration: 0.1ms | Allocations: 51)
  Rendered shared/_header.html.erb (Duration: 0.2ms | Allocations: 164)
  Rendered layout layouts/application.html.erb (Duration: 5.1ms | Allocations: 4507)
Completed 200 OK in 6ms (Views: 5.4ms | ActiveRecord: 0.0ms | Allocations: 5295)


Started GET "/users/sign_up" for ::1 at 2021-06-08 23:52:06 -0300
Processing by Devise::RegistrationsController#new as HTML
  Rendering layout layouts/application.html.erb
  Rendering devise/registrations/new.html.erb within layouts/application
  Rendered devise/shared/_error_messages.html.erb (Duration: 0.8ms | Allocations: 234)
  Rendered devise/shared/_links.html.erb (Duration: 0.3ms | Allocations: 162)
  Rendered devise/shared/_form_wrap.html.erb (Duration: 0.1ms | Allocations: 46)
  Rendered devise/registrations/new.html.erb within layouts/application (Duration: 3.9ms | Allocations: 2639)
[Webpacker] Everything's up-to-date. Nothing to do
  Rendered shared/_head.html.erb (Duration: 3.4ms | Allocations: 3013)
  Rendered shared/_flash_notice.html.erb (Duration: 0.1ms | Allocations: 59)
  Rendered shared/_header.html.erb (Duration: 0.3ms | Allocations: 199)
  Rendered layout layouts/application.html.erb (Duration: 8.1ms | Allocations: 6170)
Completed 200 OK in 11ms (Views: 10.3ms | ActiveRecord: 0.0ms | Allocations: 8025)


Started GET "/users/sign_in" for ::1 at 2021-06-08 23:52:07 -0300
Processing by Devise::SessionsController#new as HTML
  Rendering layout layouts/application.html.erb
  Rendering devise/sessions/new.html.erb within layouts/application
  Rendered devise/shared/_links.html.erb (Duration: 0.2ms | Allocations: 163)
  Rendered devise/shared/_form_wrap.html.erb (Duration: 0.1ms | Allocations: 43)
  Rendered devise/sessions/new.html.erb within layouts/application (Duration: 1.4ms | Allocations: 1166)
[Webpacker] Everything's up-to-date. Nothing to do
  Rendered shared/_head.html.erb (Duration: 2.8ms | Allocations: 2857)
  Rendered shared/_flash_notice.html.erb (Duration: 0.1ms | Allocations: 51)
  Rendered shared/_header.html.erb (Duration: 0.2ms | Allocations: 164)
  Rendered layout layouts/application.html.erb (Duration: 4.8ms | Allocations: 4489)
Completed 200 OK in 6ms (Views: 5.2ms | ActiveRecord: 0.0ms | Allocations: 5251)


Started GET "/" for ::1 at 2021-06-08 23:52:08 -0300
Processing by HomeController#index as HTML
  Rendering layout layouts/application.html.erb
  Rendering home/index.html.erb within layouts/application
  Rendered home/index.html.erb within layouts/application (Duration: 0.1ms | Allocations: 37)
[Webpacker] Everything's up-to-date. Nothing to do
  Rendered shared/_head.html.erb (Duration: 2.8ms | Allocations: 2846)
  Rendered shared/_flash_notice.html.erb (Duration: 0.1ms | Allocations: 51)
  Rendered shared/_header.html.erb (Duration: 0.3ms | Allocations: 203)
  Rendered layout layouts/application.html.erb (Duration: 3.5ms | Allocations: 3388)
Completed 200 OK in 4ms (Views: 3.8ms | ActiveRecord: 0.0ms | Allocations: 3845)


Started GET "/users/sign_in" for ::1 at 2021-06-08 23:52:10 -0300
Processing by Devise::SessionsController#new as HTML
  Rendering layout layouts/application.html.erb
  Rendering devise/sessions/new.html.erb within layouts/application
  Rendered devise/shared/_links.html.erb (Duration: 0.2ms | Allocations: 163)
  Rendered devise/shared/_form_wrap.html.erb (Duration: 0.1ms | Allocations: 43)
  Rendered devise/sessions/new.html.erb within layouts/application (Duration: 1.5ms | Allocations: 1162)
[Webpacker] Everything's up-to-date. Nothing to do
  Rendered shared/_head.html.erb (Duration: 3.0ms | Allocations: 2857)
  Rendered shared/_flash_notice.html.erb (Duration: 0.1ms | Allocations: 51)
  Rendered shared/_header.html.erb (Duration: 0.3ms | Allocations: 164)
  Rendered layout layouts/application.html.erb (Duration: 5.2ms | Allocations: 4485)
Completed 200 OK in 6ms (Views: 5.6ms | ActiveRecord: 0.0ms | Allocations: 5168)


Started GET "/users/sign_up" for ::1 at 2021-06-08 23:52:11 -0300
Processing by Devise::RegistrationsController#new as HTML
  Rendering layout layouts/application.html.erb
  Rendering devise/registrations/new.html.erb within layouts/application
  Rendered devise/shared/_error_messages.html.erb (Duration: 0.1ms | Allocations: 43)
  Rendered devise/shared/_links.html.erb (Duration: 0.2ms | Allocations: 111)
  Rendered devise/shared/_form_wrap.html.erb (Duration: 0.1ms | Allocations: 43)
  Rendered devise/registrations/new.html.erb within layouts/application (Duration: 6.8ms | Allocations: 1399)
[Webpacker] Everything's up-to-date. Nothing to do
  Rendered shared/_head.html.erb (Duration: 14.4ms | Allocations: 2857)
  Rendered shared/_flash_notice.html.erb (Duration: 0.1ms | Allocations: 51)
  Rendered shared/_header.html.erb (Duration: 0.3ms | Allocations: 164)
  Rendered layout layouts/application.html.erb (Duration: 21.9ms | Allocations: 4722)
Completed 200 OK in 27ms (Views: 22.3ms | ActiveRecord: 0.0ms | Allocations: 5365)


Started GET "/users/sign_in" for ::1 at 2021-06-08 23:52:12 -0300
Processing by Devise::SessionsController#new as HTML
  Rendering layout layouts/application.html.erb
  Rendering devise/sessions/new.html.erb within layouts/application
  Rendered devise/shared/_links.html.erb (Duration: 0.2ms | Allocations: 163)
  Rendered devise/shared/_form_wrap.html.erb (Duration: 0.0ms | Allocations: 43)
  Rendered devise/sessions/new.html.erb within layouts/application (Duration: 1.5ms | Allocations: 1162)
[Webpacker] Everything's up-to-date. Nothing to do
  Rendered shared/_head.html.erb (Duration: 4.1ms | Allocations: 2858)
  Rendered shared/_flash_notice.html.erb (Duration: 0.1ms | Allocations: 51)
  Rendered shared/_header.html.erb (Duration: 0.2ms | Allocations: 164)
  Rendered layout layouts/application.html.erb (Duration: 6.3ms | Allocations: 4486)
Completed 200 OK in 8ms (Views: 6.7ms | ActiveRecord: 0.0ms | Allocations: 5177)


Started GET "/users/sign_up" for ::1 at 2021-06-08 23:52:17 -0300
Processing by Devise::RegistrationsController#new as HTML
  Rendering layout layouts/application.html.erb
  Rendering devise/registrations/new.html.erb within layouts/application
  Rendered devise/shared/_error_messages.html.erb (Duration: 0.1ms | Allocations: 43)
  Rendered devise/shared/_links.html.erb (Duration: 0.2ms | Allocations: 110)
  Rendered devise/shared/_form_wrap.html.erb (Duration: 0.0ms | Allocations: 43)
  Rendered devise/registrations/new.html.erb within layouts/application (Duration: 1.7ms | Allocations: 1400)
[Webpacker] Everything's up-to-date. Nothing to do
  Rendered shared/_head.html.erb (Duration: 2.9ms | Allocations: 2857)
  Rendered shared/_flash_notice.html.erb (Duration: 0.1ms | Allocations: 51)
  Rendered shared/_header.html.erb (Duration: 0.2ms | Allocations: 164)
  Rendered layout layouts/application.html.erb (Duration: 5.3ms | Allocations: 4723)
Completed 200 OK in 6ms (Views: 5.8ms | ActiveRecord: 0.0ms | Allocations: 5357)


Started GET "/" for ::1 at 2021-06-08 23:52:19 -0300
Processing by HomeController#index as HTML
  Rendering layout layouts/application.html.erb
  Rendering home/index.html.erb within layouts/application
  Rendered home/index.html.erb within layouts/application (Duration: 0.1ms | Allocations: 37)
[Webpacker] Everything's up-to-date. Nothing to do
  Rendered shared/_head.html.erb (Duration: 2.6ms | Allocations: 2853)
  Rendered shared/_flash_notice.html.erb (Duration: 0.1ms | Allocations: 51)
  Rendered shared/_header.html.erb (Duration: 0.3ms | Allocations: 203)
  Rendered layout layouts/application.html.erb (Duration: 3.7ms | Allocations: 3395)
Completed 200 OK in 4ms (Views: 4.0ms | ActiveRecord: 0.0ms | Allocations: 3851)


Started GET "/users/sign_up" for ::1 at 2021-06-08 23:52:24 -0300
Processing by Devise::RegistrationsController#new as HTML
  Rendering layout layouts/application.html.erb
  Rendering devise/registrations/new.html.erb within layouts/application
  Rendered devise/shared/_error_messages.html.erb (Duration: 0.1ms | Allocations: 43)
  Rendered devise/shared/_links.html.erb (Duration: 0.1ms | Allocations: 110)
  Rendered devise/shared/_form_wrap.html.erb (Duration: 0.0ms | Allocations: 43)
  Rendered devise/registrations/new.html.erb within layouts/application (Duration: 1.7ms | Allocations: 1398)
[Webpacker] Everything's up-to-date. Nothing to do
  Rendered shared/_head.html.erb (Duration: 2.5ms | Allocations: 2858)
  Rendered shared/_flash_notice.html.erb (Duration: 0.1ms | Allocations: 51)
  Rendered shared/_header.html.erb (Duration: 0.2ms | Allocations: 164)
  Rendered layout layouts/application.html.erb (Duration: 5.1ms | Allocations: 4722)
Completed 200 OK in 6ms (Views: 5.4ms | ActiveRecord: 0.0ms | Allocations: 5356)


Started POST "/users" for ::1 at 2021-06-08 23:52:42 -0300
Processing by Devise::RegistrationsController#create as HTML
  Parameters: {"authenticity_token"=>"[FILTERED]", "user"=>{"name"=>"John Doe", "email"=>"john@doe.com", "password"=>"[FILTERED]", "password_confirmation"=>"[FILTERED]"}, "commit"=>"Sign up"}
  [1m[36mTRANSACTION (0.1ms)[0m  [1m[36mbegin transaction[0m
  [1m[36mUser Exists? (0.1ms)[0m  [1m[34mSELECT 1 AS one FROM "users" WHERE "users"."email" = ? LIMIT ?[0m  [["email", "john@doe.com"], ["LIMIT", 1]]
  [1m[36mUser Create (0.2ms)[0m  [1m[32mINSERT INTO "users" ("email", "encrypted_password", "first_name", "last_name", "created_at", "updated_at") VALUES (?, ?, ?, ?, ?, ?)[0m  [["email", "john@doe.com"], ["encrypted_password", "$2a$12$tVchgOm5Ou1V/b5OPM2FmOfzEj1FKTxWj3QYcKHRw8APlKylfvlGS"], ["first_name", "John"], ["last_name", "Doe"], ["created_at", "2021-06-09 02:52:42.352738"], ["updated_at", "2021-06-09 02:52:42.352738"]]
  [1m[36mTRANSACTION (11.6ms)[0m  [1m[36mcommit transaction[0m
Redirected to http://localhost:3000/
Completed 302 Found in 235ms (ActiveRecord: 12.0ms | Allocations: 14694)


Started GET "/" for ::1 at 2021-06-08 23:52:42 -0300
Processing by HomeController#index as HTML
  Rendering layout layouts/application.html.erb
  Rendering home/index.html.erb within layouts/application
  Rendered home/index.html.erb within layouts/application (Duration: 0.1ms | Allocations: 40)
[Webpacker] Everything's up-to-date. Nothing to do
  Rendered shared/_head.html.erb (Duration: 3.3ms | Allocations: 2982)
  Rendered shared/_flash_notice.html.erb (Duration: 0.1ms | Allocations: 63)
  [1m[36mUser Load (0.2ms)[0m  [1m[34mSELECT "users".* FROM "users" WHERE "users"."id" = ? ORDER BY "users"."id" ASC LIMIT ?[0m  [["id", 1], ["LIMIT", 1]]
  ↳ app/views/shared/_header.html.erb:16
  Rendered shared/_header.html.erb (Duration: 2.8ms | Allocations: 1428)
  Rendered layout layouts/application.html.erb (Duration: 6.6ms | Allocations: 4770)
Completed 200 OK in 8ms (Views: 6.8ms | ActiveRecord: 0.2ms | Allocations: 5315)


Started GET "/" for ::1 at 2021-06-08 23:52:48 -0300
Processing by HomeController#index as HTML
  Rendering layout layouts/application.html.erb
  Rendering home/index.html.erb within layouts/application
  Rendered home/index.html.erb within layouts/application (Duration: 0.1ms | Allocations: 37)
[Webpacker] Everything's up-to-date. Nothing to do
  Rendered shared/_head.html.erb (Duration: 4.0ms | Allocations: 3414)
  Rendered shared/_flash_notice.html.erb (Duration: 0.1ms | Allocations: 51)
  [1m[36mUser Load (0.1ms)[0m  [1m[34mSELECT "users".* FROM "users" WHERE "users"."id" = ? ORDER BY "users"."id" ASC LIMIT ?[0m  [["id", 1], ["LIMIT", 1]]
  ↳ app/views/shared/_header.html.erb:16
  Rendered shared/_header.html.erb (Duration: 1.6ms | Allocations: 1035)
  Rendered layout layouts/application.html.erb (Duration: 6.1ms | Allocations: 4788)
Completed 200 OK in 7ms (Views: 6.4ms | ActiveRecord: 0.1ms | Allocations: 5248)


